<?xml version="1.0" encoding="utf-8"?><testsuites name="pytest tests"><testsuite name="pytest" errors="0" failures="1" skipped="0" tests="31" time="15.437" timestamp="2026-06-16T02:21:12.732927+00:00" hostname="agent-env-4e3567b7-40cd-4728-8b5c-f1e76c5547d0"><testcase classname="tests.test_gymflow_api.TestHealth" name="test_health" time="0.282" /><testcase classname="tests.test_gymflow_api.TestHealth" name="test_root" time="0.124" /><testcase classname="tests.test_gymflow_api.TestAuth" name="test_signup_seeds_plans_and_returns_token" time="0.464" /><testcase classname="tests.test_gymflow_api.TestAuth" name="test_signup_duplicate_email_400" time="0.425" /><testcase classname="tests.test_gymflow_api.TestAuth" name="test_login_success" time="0.661" /><testcase classname="tests.test_gymflow_api.TestAuth" name="test_login_bad_password_401" time="0.627" /><testcase classname="tests.test_gymflow_api.TestAuth" name="test_me_requires_token" time="0.139" /><testcase classname="tests.test_gymflow_api.TestAuth" name="test_me_with_token" time="0.374" /><testcase classname="tests.test_gymflow_api.TestPasswordReset" name="test_forgot_password_generic_and_reset_flow" time="1.472" /><testcase classname="tests.test_gymflow_api.TestPasswordReset" name="test_forgot_unknown_email_generic_response" time="0.097" /><testcase classname="tests.test_gymflow_api.TestPasswordReset" name="test_reset_invalid_token_400" time="0.133" /><testcase classname="tests.test_gymflow_api.TestPlans" name="test_list_default_plans" time="0.364" /><testcase classname="tests.test_gymflow_api.TestPlans" name="test_create_update_delete_plan" time="0.533" /><testcase classname="tests.test_gymflow_api.TestPlans" name="test_delete_plan_in_use_400" time="0.449" /><testcase classname="tests.test_gymflow_api.TestMembers" name="test_create_member_calculates_expiry" time="0.410" /><testcase classname="tests.test_gymflow_api.TestMembers" name="test_member_status_expiring_soon_and_expired" time="0.462" /><testcase classname="tests.test_gymflow_api.TestMembers" name="test_list_search_and_filters" time="0.488" /><testcase classname="tests.test_gymflow_api.TestMembers" name="test_get_member_detail_returns_payments" time="0.487" /><testcase classname="tests.test_gymflow_api.TestMembers" name="test_renew_active_extends_from_expiry" time="0.508" /><testcase classname="tests.test_gymflow_api.TestMembers" name="test_renew_expired_starts_today" time="0.471" /><testcase classname="tests.test_gymflow_api.TestMembers" name="test_delete_member_cascades" time="0.617" /><testcase classname="tests.test_gymflow_api.TestExpiring" name="test_expiring_buckets" time="0.568" /><testcase classname="tests.test_gymflow_api.TestDashboard" name="test_dashboard_structure" time="0.382" /><testcase classname="tests.test_gymflow_api.TestReminders" name="test_run_and_idempotent" time="0.576" /><testcase classname="tests.test_gymflow_api.TestReminders" name="test_run_respects_reminders_disabled" time="0.747" /><testcase classname="tests.test_gymflow_api.TestReminders" name="test_manual_send_and_status_filter" time="0.657" /><testcase classname="tests.test_gymflow_api.TestGymSettings" name="test_patch_gym" time="0.399" /><testcase classname="tests.test_gymflow_api.TestGymSettings" name="test_settings_roundtrip" time="0.411" /><testcase classname="tests.test_gymflow_api.TestPush" name="test_register_push_returns_201" time="0.380"><failure message="AssertionError: {&quot;detail&quot;:&quot;EMERGENT_PUSH_KEY missing or invalid&quot;}&#10;assert 500 == 201&#10; +  where 500 = &lt;Response [500]&gt;.status_code">tests/test_gymflow_api.py:437: in test_register_push_returns_201
    assert r.status_code == 201, r.text
E   AssertionError: {"detail":"EMERGENT_PUSH_KEY missing or invalid"}
E   assert 500 == 201
E    +  where 500 = &lt;Response [500]&gt;.status_code</failure></testcase><testcase classname="tests.test_gymflow_api.TestMultiTenantIsolation" name="test_gym_a_cannot_see_gym_b_members" time="0.841" /><testcase classname="tests.test_gymflow_api.TestMultiTenantIsolation" name="test_plan_isolation" time="0.777" /></testsuite></testsuites>